<?xml version="1.0" encoding="UTF-8"?>
<testng-results ignored="0" total="2" passed="2" failed="0" skipped="0">
  <reporter-output>
  </reporter-output>
  <suite started-at="2024-03-15T17:53:01 IST" name="Suite" finished-at="2024-03-15T17:53:12 IST" duration-ms="10327">
    <groups>
      <group name="regression">
        <method signature="Registration_logs.verify_registration()[pri:0, instance:test_cases.Registration_logs@5386659f]" name="verify_registration" class="test_cases.Registration_logs"/>
      </group> <!-- regression -->
      <group name="sanity">
        <method signature="Login_test.Login_testcase()[pri:0, instance:test_cases.Login_test@6e9a5ed8]" name="Login_testcase" class="test_cases.Login_test"/>
      </group> <!-- sanity -->
      <group name="master">
        <method signature="Login_test.Login_testcase()[pri:0, instance:test_cases.Login_test@6e9a5ed8]" name="Login_testcase" class="test_cases.Login_test"/>
        <method signature="Registration_logs.verify_registration()[pri:0, instance:test_cases.Registration_logs@5386659f]" name="verify_registration" class="test_cases.Registration_logs"/>
      </group> <!-- master -->
    </groups>
    <test started-at="2024-03-15T17:53:01 IST" name="Test" finished-at="2024-03-15T17:53:12 IST" duration-ms="10327">
      <class name="test_cases.Login_test">
        <test-method is-config="true" signature="appl_launch(java.lang.String,java.lang.String)[pri:0, instance:test_cases.Login_test@6e9a5ed8]" started-at="2024-03-15T17:53:09 IST" name="appl_launch" finished-at="2024-03-15T17:53:10 IST" duration-ms="1616" status="PASS">
          <params>
            <param index="0">
              <value>
                <![CDATA[windows]]>
              </value>
            </param>
            <param index="1">
              <value>
                <![CDATA[chrome]]>
              </value>
            </param>
          </params>
          <reporter-output>
          </reporter-output>
        </test-method> <!-- appl_launch -->
        <test-method signature="Login_testcase()[pri:0, instance:test_cases.Login_test@6e9a5ed8]" started-at="2024-03-15T17:53:10 IST" name="Login_testcase" finished-at="2024-03-15T17:53:12 IST" duration-ms="1235" status="PASS">
          <reporter-output>
          </reporter-output>
        </test-method> <!-- Login_testcase -->
        <test-method is-config="true" signature="appl_close()[pri:0, instance:test_cases.Login_test@6e9a5ed8]" started-at="2024-03-15T17:53:12 IST" name="appl_close" finished-at="2024-03-15T17:53:12 IST" duration-ms="166" status="PASS">
          <reporter-output>
          </reporter-output>
        </test-method> <!-- appl_close -->
      </class> <!-- test_cases.Login_test -->
      <class name="test_cases.Registration_logs">
        <test-method is-config="true" signature="appl_launch(java.lang.String,java.lang.String)[pri:0, instance:test_cases.Registration_logs@5386659f]" started-at="2024-03-15T17:53:02 IST" name="appl_launch" finished-at="2024-03-15T17:53:04 IST" duration-ms="2851" status="PASS">
          <params>
            <param index="0">
              <value>
                <![CDATA[windows]]>
              </value>
            </param>
            <param index="1">
              <value>
                <![CDATA[chrome]]>
              </value>
            </param>
          </params>
          <reporter-output>
          </reporter-output>
        </test-method> <!-- appl_launch -->
        <test-method signature="verify_registration()[pri:0, instance:test_cases.Registration_logs@5386659f]" started-at="2024-03-15T17:53:04 IST" name="verify_registration" finished-at="2024-03-15T17:53:08 IST" duration-ms="4031" status="PASS">
          <reporter-output>
          </reporter-output>
        </test-method> <!-- verify_registration -->
        <test-method is-config="true" signature="appl_close()[pri:0, instance:test_cases.Registration_logs@5386659f]" started-at="2024-03-15T17:53:08 IST" name="appl_close" finished-at="2024-03-15T17:53:09 IST" duration-ms="182" status="PASS">
          <reporter-output>
          </reporter-output>
        </test-method> <!-- appl_close -->
      </class> <!-- test_cases.Registration_logs -->
    </test> <!-- Test -->
  </suite> <!-- Suite -->
</testng-results>
