<?xml version="1.0" encoding="UTF-8"?>
<testng-results ignored="0" total="2" passed="2" failed="0" skipped="0">
  <reporter-output>
  </reporter-output>
  <suite started-at="2024-03-20T18:25:51 IST" name="Suite" finished-at="2024-03-20T18:26:02 IST" duration-ms="11268">
    <groups>
      <group name="regression">
        <method signature="Registration_logs.verify_registration()[pri:0, instance:test_cases.Registration_logs@5524cca1]" name="verify_registration" class="test_cases.Registration_logs"/>
      </group> <!-- regression -->
      <group name="sanity">
        <method signature="Login_test.Login_testcase()[pri:0, instance:test_cases.Login_test@710c2b53]" name="Login_testcase" class="test_cases.Login_test"/>
      </group> <!-- sanity -->
      <group name="master">
        <method signature="Login_test.Login_testcase()[pri:0, instance:test_cases.Login_test@710c2b53]" name="Login_testcase" class="test_cases.Login_test"/>
        <method signature="Registration_logs.verify_registration()[pri:0, instance:test_cases.Registration_logs@5524cca1]" name="verify_registration" class="test_cases.Registration_logs"/>
      </group> <!-- master -->
    </groups>
    <test started-at="2024-03-20T18:25:51 IST" name="Test" finished-at="2024-03-20T18:26:02 IST" duration-ms="11268">
      <class name="test_cases.Login_test">
        <test-method is-config="true" signature="appl_launch(java.lang.String,java.lang.String)[pri:0, instance:test_cases.Login_test@710c2b53]" started-at="2024-03-20T18:25:59 IST" name="appl_launch" finished-at="2024-03-20T18:26:00 IST" duration-ms="1771" status="PASS">
          <params>
            <param index="0">
              <value>
                <![CDATA[windows]]>
              </value>
            </param>
            <param index="1">
              <value>
                <![CDATA[chrome]]>
              </value>
            </param>
          </params>
          <reporter-output>
          </reporter-output>
        </test-method> <!-- appl_launch -->
        <test-method signature="Login_testcase()[pri:0, instance:test_cases.Login_test@710c2b53]" started-at="2024-03-20T18:26:00 IST" name="Login_testcase" finished-at="2024-03-20T18:26:02 IST" duration-ms="1300" status="PASS">
          <reporter-output>
          </reporter-output>
        </test-method> <!-- Login_testcase -->
        <test-method is-config="true" signature="appl_close()[pri:0, instance:test_cases.Login_test@710c2b53]" started-at="2024-03-20T18:26:02 IST" name="appl_close" finished-at="2024-03-20T18:26:02 IST" duration-ms="145" status="PASS">
          <reporter-output>
          </reporter-output>
        </test-method> <!-- appl_close -->
      </class> <!-- test_cases.Login_test -->
      <class name="test_cases.Registration_logs">
        <test-method is-config="true" signature="appl_launch(java.lang.String,java.lang.String)[pri:0, instance:test_cases.Registration_logs@5524cca1]" started-at="2024-03-20T18:25:51 IST" name="appl_launch" finished-at="2024-03-20T18:25:54 IST" duration-ms="3265" status="PASS">
          <params>
            <param index="0">
              <value>
                <![CDATA[windows]]>
              </value>
            </param>
            <param index="1">
              <value>
                <![CDATA[chrome]]>
              </value>
            </param>
          </params>
          <reporter-output>
          </reporter-output>
        </test-method> <!-- appl_launch -->
        <test-method signature="verify_registration()[pri:0, instance:test_cases.Registration_logs@5524cca1]" started-at="2024-03-20T18:25:54 IST" name="verify_registration" finished-at="2024-03-20T18:25:58 IST" duration-ms="4288" status="PASS">
          <reporter-output>
          </reporter-output>
        </test-method> <!-- verify_registration -->
        <test-method is-config="true" signature="appl_close()[pri:0, instance:test_cases.Registration_logs@5524cca1]" started-at="2024-03-20T18:25:58 IST" name="appl_close" finished-at="2024-03-20T18:25:59 IST" duration-ms="209" status="PASS">
          <reporter-output>
          </reporter-output>
        </test-method> <!-- appl_close -->
      </class> <!-- test_cases.Registration_logs -->
    </test> <!-- Test -->
  </suite> <!-- Suite -->
</testng-results>
